# JRE version: OpenJDK Runtime Environment (11.0.12+7) (build 11.0.12+7-b1504.28-7817840)
# Java VM: OpenJDK 64-Bit Server VM (11.0.12+7-b1504.28-7817840, mixed mode, tiered, compressed oops, g1 gc, windows-amd64)
Heap:
 garbage-first heap   total 735232K, used 288124K [0x0000000080000000, 0x0000000100000000)
  region size 1024K, 8 young (8192K), 8 survivors (8192K)
 Metaspace       used 101391K, capacity 104317K, committed 104524K, reserved 1140736K
  class space    used 13036K, capacity 14164K, committed 14208K, reserved 1048576K
GC Heap History (20 events):
Event: 62.302 GC heap after
{Heap after GC invocations=92 (full 0):
 garbage-first heap   total 390144K, used 186810K [0x0000000080000000, 0x0000000100000000)
  region size 1024K, 7 young (7168K), 7 survivors (7168K)
 Metaspace       used 98818K, capacity 101701K, committed 101964K, reserved 1136640K
  class space    used 12811K, capacity 13936K, committed 13952K, reserved 1048576K
}
Event: 62.816 GC heap before
{Heap before GC invocations=92 (full 0):
 garbage-first heap   total 390144K, used 333242K [0x0000000080000000, 0x0000000100000000)
  region size 1024K, 150 young (153600K), 7 survivors (7168K)
 Metaspace       used 98821K, capacity 101704K, committed 101964K, reserved 1136640K
  class space    used 12812K, capacity 13937K, committed 13952K, reserved 1048576K
}
Event: 62.826 GC heap after
{Heap after GC invocations=93 (full 0):
 garbage-first heap   total 390144K, used 187082K [0x0000000080000000, 0x0000000100000000)
  region size 1024K, 7 young (7168K), 7 survivors (7168K)
 Metaspace       used 98821K, capacity 101704K, committed 101964K, reserved 1136640K
  class space    used 12812K, capacity 13937K, committed 13952K, reserved 1048576K
}
Event: 63.119 GC heap before
{Heap before GC invocations=93 (full 0):
 garbage-first heap   total 390144K, used 336586K [0x0000000080000000, 0x0000000100000000)
  region size 1024K, 152 young (155648K), 7 survivors (7168K)
 Metaspace       used 98822K, capacity 101704K, committed 101964K, reserved 1136640K
  class space    used 12812K, capacity 13937K, committed 13952K, reserved 1048576K
}
Event: 63.125 GC heap after
{Heap after GC invocations=94 (full 0):
 garbage-first heap   total 390144K, used 182969K [0x0000000080000000, 0x0000000100000000)
  region size 1024K, 3 young (3072K), 3 survivors (3072K)
 Metaspace       used 98822K, capacity 101704K, committed 101964K, reserved 1136640K
  class space    used 12812K, capacity 13937K, committed 13952K, reserved 1048576K
}
Event: 63.577 GC heap before
{Heap before GC invocations=94 (full 0):
 garbage-first heap   total 390144K, used 336569K [0x0000000080000000, 0x0000000100000000)
  region size 1024K, 154 young (157696K), 3 survivors (3072K)
 Metaspace       used 98848K, capacity 101838K, committed 101964K, reserved 1136640K
  class space    used 12812K, capacity 13938K, committed 13952K, reserved 1048576K
}
Event: 63.585 GC heap after
{Heap after GC invocations=95 (full 0):
 garbage-first heap   total 390144K, used 182338K [0x0000000080000000, 0x0000000100000000)
  region size 1024K, 3 young (3072K), 3 survivors (3072K)
 Metaspace       used 98848K, capacity 101838K, committed 101964K, reserved 1136640K
  class space    used 12812K, capacity 13938K, committed 13952K, reserved 1048576K
}
Event: 64.128 GC heap before
{Heap before GC invocations=95 (full 0):
 garbage-first heap   total 390144K, used 337986K [0x0000000080000000, 0x0000000100000000)
  region size 1024K, 155 young (158720K), 3 survivors (3072K)
 Metaspace       used 98855K, capacity 101839K, committed 101964K, reserved 1136640K
  class space    used 12812K, capacity 13938K, committed 13952K, reserved 1048576K
}
Event: 64.137 GC heap after
{Heap after GC invocations=96 (full 0):
 garbage-first heap   total 390144K, used 183289K [0x0000000080000000, 0x0000000100000000)
  region size 1024K, 4 young (4096K), 4 survivors (4096K)
 Metaspace       used 98855K, capacity 101839K, committed 101964K, reserved 1136640K
  class space    used 12812K, capacity 13938K, committed 13952K, reserved 1048576K
}
Event: 64.717 GC heap before
{Heap before GC invocations=96 (full 0):
 garbage-first heap   total 390144K, used 339961K [0x0000000080000000, 0x0000000100000000)
  region size 1024K, 157 young (160768K), 4 survivors (4096K)
 Metaspace       used 98861K, capacity 101841K, committed 101964K, reserved 1136640K
  class space    used 12812K, capacity 13938K, committed 13952K, reserved 1048576K
}
Event: 64.727 GC heap after
{Heap after GC invocations=97 (full 0):
 garbage-first heap   total 390144K, used 184045K [0x0000000080000000, 0x0000000100000000)
  region size 1024K, 4 young (4096K), 4 survivors (4096K)
 Metaspace       used 98861K, capacity 101841K, committed 101964K, reserved 1136640K
  class space    used 12812K, capacity 13938K, committed 13952K, reserved 1048576K
}
Event: 66.222 GC heap before
{Heap before GC invocations=97 (full 0):
 garbage-first heap   total 390144K, used 361197K [0x0000000080000000, 0x0000000100000000)
  region size 1024K, 158 young (161792K), 4 survivors (4096K)
 Metaspace       used 100802K, capacity 103711K, committed 104012K, reserved 1138688K
  class space    used 12976K, capacity 14115K, committed 14208K, reserved 1048576K
}
Event: 66.340 GC heap after
{Heap after GC invocations=98 (full 0):
 garbage-first heap   total 418816K, used 248337K [0x0000000080000000, 0x0000000100000000)
  region size 1024K, 20 young (20480K), 20 survivors (20480K)
 Metaspace       used 100802K, capacity 103711K, committed 104012K, reserved 1138688K
  class space    used 12976K, capacity 14115K, committed 14208K, reserved 1048576K
}
Event: 66.496 GC heap before
{Heap before GC invocations=98 (full 0):
 garbage-first heap   total 418816K, used 260625K [0x0000000080000000, 0x0000000100000000)
  region size 1024K, 32 young (32768K), 20 survivors (20480K)
 Metaspace       used 100838K, capacity 103778K, committed 104012K, reserved 1138688K
  class space    used 12977K, capacity 14116K, committed 14208K, reserved 1048576K
}
Event: 66.565 GC heap after
{Heap after GC invocations=99 (full 0):
 garbage-first heap   total 418816K, used 249855K [0x0000000080000000, 0x0000000100000000)
  region size 1024K, 4 young (4096K), 4 survivors (4096K)
 Metaspace       used 100838K, capacity 103778K, committed 104012K, reserved 1138688K
  class space    used 12977K, capacity 14116K, committed 14208K, reserved 1048576K
}
Event: 67.140 GC heap before
{Heap before GC invocations=99 (full 0):
 garbage-first heap   total 418816K, used 310271K [0x0000000080000000, 0x0000000100000000)
  region size 1024K, 64 young (65536K), 4 survivors (4096K)
 Metaspace       used 100916K, capacity 103858K, committed 104012K, reserved 1138688K
  class space    used 12977K, capacity 14116K, committed 14208K, reserved 1048576K
}
Event: 67.162 GC heap after
{Heap after GC invocations=100 (full 0):
 garbage-first heap   total 418816K, used 256511K [0x0000000080000000, 0x0000000100000000)
  region size 1024K, 8 young (8192K), 8 survivors (8192K)
 Metaspace       used 100916K, capacity 103858K, committed 104012K, reserved 1138688K
  class space    used 12977K, capacity 14116K, committed 14208K, reserved 1048576K
}
Event: 68.096 GC heap before
{Heap before GC invocations=100 (full 0):
 garbage-first heap   total 418816K, used 329215K [0x0000000080000000, 0x0000000100000000)
  region size 1024K, 70 young (71680K), 8 survivors (8192K)
 Metaspace       used 101390K, capacity 104317K, committed 104524K, reserved 1140736K
  class space    used 13036K, capacity 14164K, committed 14208K, reserved 1048576K
}
Event: 68.123 GC heap after
{Heap after GC invocations=101 (full 0):
 garbage-first heap   total 418816K, used 271156K [0x0000000080000000, 0x0000000100000000)
  region size 1024K, 4 young (4096K), 4 survivors (4096K)
 Metaspace       used 101390K, capacity 104317K, committed 104524K, reserved 1140736K
  class space    used 13036K, capacity 14164K, committed 14208K, reserved 1048576K
}
Event: 68.838 GC heap before
{Heap before GC invocations=101 (full 0):
 garbage-first heap   total 418816K, used 339764K [0x0000000080000000, 0x0000000100000000)
  region size 1024K, 64 young (65536K), 4 survivors (4096K)
 Metaspace       used 101391K, capacity 104317K, committed 104524K, reserved 1140736K
  class space    used 13036K, capacity 14164K, committed 14208K, reserved 1048576K
}

