# JRE version: OpenJDK Runtime Environment (11.0.12+7) (build 11.0.12+7-b1504.28-7817840)
# Java VM: OpenJDK 64-Bit Server VM (11.0.12+7-b1504.28-7817840, mixed mode, tiered, compressed oops, g1 gc, windows-amd64)
Heap:
 garbage-first heap   total 393216K, used 214451K [0x0000000080000000, 0x0000000100000000)
  region size 1024K, 63 young (64512K), 2 survivors (2048K)
 Metaspace       used 134021K, capacity 137539K, committed 137676K, reserved 1171456K
  class space    used 16386K, capacity 17642K, committed 17688K, reserved 1048576K
GC Heap History (20 events):
Event: 38.675 GC heap before
{Heap before GC invocations=49 (full 0):
 garbage-first heap   total 390144K, used 330328K [0x0000000080000000, 0x0000000100000000)
  region size 1024K, 212 young (217088K), 10 survivors (10240K)
 Metaspace       used 107870K, capacity 110621K, committed 110796K, reserved 1144832K
  class space    used 13769K, capacity 14759K, committed 14872K, reserved 1048576K
}
Event: 38.686 GC heap after
{Heap after GC invocations=50 (full 0):
 garbage-first heap   total 390144K, used 121118K [0x0000000080000000, 0x0000000100000000)
  region size 1024K, 10 young (10240K), 10 survivors (10240K)
 Metaspace       used 107870K, capacity 110621K, committed 110796K, reserved 1144832K
  class space    used 13769K, capacity 14759K, committed 14872K, reserved 1048576K
}
Event: 48.595 GC heap before
{Heap before GC invocations=50 (full 0):
 garbage-first heap   total 390144K, used 331038K [0x0000000080000000, 0x0000000100000000)
  region size 1024K, 216 young (221184K), 10 survivors (10240K)
 Metaspace       used 110242K, capacity 113109K, committed 113228K, reserved 1146880K
  class space    used 13878K, capacity 14920K, committed 15000K, reserved 1048576K
}
Event: 48.614 GC heap after
{Heap after GC invocations=51 (full 0):
 garbage-first heap   total 390144K, used 127736K [0x0000000080000000, 0x0000000100000000)
  region size 1024K, 16 young (16384K), 16 survivors (16384K)
 Metaspace       used 110242K, capacity 113109K, committed 113228K, reserved 1146880K
  class space    used 13878K, capacity 14920K, committed 15000K, reserved 1048576K
}
Event: 174.498 GC heap before
{Heap before GC invocations=51 (full 0):
 garbage-first heap   total 390144K, used 330488K [0x0000000080000000, 0x0000000100000000)
  region size 1024K, 215 young (220160K), 16 survivors (16384K)
 Metaspace       used 116970K, capacity 120157K, committed 120396K, reserved 1155072K
  class space    used 14617K, capacity 15728K, committed 15768K, reserved 1048576K
}
Event: 174.527 GC heap after
{Heap after GC invocations=52 (full 0):
 garbage-first heap   total 390144K, used 135652K [0x0000000080000000, 0x0000000100000000)
  region size 1024K, 22 young (22528K), 22 survivors (22528K)
 Metaspace       used 116970K, capacity 120157K, committed 120396K, reserved 1155072K
  class space    used 14617K, capacity 15728K, committed 15768K, reserved 1048576K
}
Event: 181.416 GC heap before
{Heap before GC invocations=52 (full 0):
 garbage-first heap   total 390144K, used 337380K [0x0000000080000000, 0x0000000100000000)
  region size 1024K, 209 young (214016K), 22 survivors (22528K)
 Metaspace       used 120262K, capacity 123684K, committed 123980K, reserved 1157120K
  class space    used 14939K, capacity 16161K, committed 16280K, reserved 1048576K
}
Event: 181.480 GC heap after
{Heap after GC invocations=53 (full 0):
 garbage-first heap   total 393216K, used 168198K [0x0000000080000000, 0x0000000100000000)
  region size 1024K, 27 young (27648K), 27 survivors (27648K)
 Metaspace       used 120262K, capacity 123684K, committed 123980K, reserved 1157120K
  class space    used 14939K, capacity 16161K, committed 16280K, reserved 1048576K
}
Event: 183.108 GC heap before
{Heap before GC invocations=53 (full 0):
 garbage-first heap   total 393216K, used 328966K [0x0000000080000000, 0x0000000100000000)
  region size 1024K, 166 young (169984K), 27 survivors (27648K)
 Metaspace       used 125206K, capacity 128585K, committed 128844K, reserved 1161216K
  class space    used 15293K, capacity 16495K, committed 16536K, reserved 1048576K
}
Event: 183.148 GC heap after
{Heap after GC invocations=54 (full 0):
 garbage-first heap   total 393216K, used 172905K [0x0000000080000000, 0x0000000100000000)
  region size 1024K, 2 young (2048K), 2 survivors (2048K)
 Metaspace       used 125206K, capacity 128585K, committed 128844K, reserved 1161216K
  class space    used 15293K, capacity 16495K, committed 16536K, reserved 1048576K
}
Event: 184.321 GC heap before
{Heap before GC invocations=54 (full 0):
 garbage-first heap   total 393216K, used 317289K [0x0000000080000000, 0x0000000100000000)
  region size 1024K, 142 young (145408K), 2 survivors (2048K)
 Metaspace       used 125286K, capacity 128713K, committed 128844K, reserved 1161216K
  class space    used 15299K, capacity 16495K, committed 16536K, reserved 1048576K
}
Event: 184.327 GC heap after
{Heap after GC invocations=55 (full 0):
 garbage-first heap   total 393216K, used 170857K [0x0000000080000000, 0x0000000100000000)
  region size 1024K, 2 young (2048K), 2 survivors (2048K)
 Metaspace       used 125286K, capacity 128713K, committed 128844K, reserved 1161216K
  class space    used 15299K, capacity 16495K, committed 16536K, reserved 1048576K
}
Event: 184.554 GC heap before
{Heap before GC invocations=55 (full 0):
 garbage-first heap   total 393216K, used 183145K [0x0000000080000000, 0x0000000100000000)
  region size 1024K, 15 young (15360K), 2 survivors (2048K)
 Metaspace       used 126218K, capacity 129633K, committed 129740K, reserved 1163264K
  class space    used 15405K, capacity 16627K, committed 16664K, reserved 1048576K
}
Event: 184.561 GC heap after
{Heap after GC invocations=56 (full 0):
 garbage-first heap   total 393216K, used 170771K [0x0000000080000000, 0x0000000100000000)
  region size 1024K, 2 young (2048K), 2 survivors (2048K)
 Metaspace       used 126218K, capacity 129633K, committed 129740K, reserved 1163264K
  class space    used 15405K, capacity 16627K, committed 16664K, reserved 1048576K
}
Event: 194.098 GC heap before
{Heap before GC invocations=57 (full 0):
 garbage-first heap   total 393216K, used 301993K [0x0000000080000000, 0x0000000100000000)
  region size 1024K, 134 young (137216K), 2 survivors (2048K)
 Metaspace       used 130387K, capacity 133836K, committed 134092K, reserved 1167360K
  class space    used 15899K, capacity 17104K, committed 17176K, reserved 1048576K
}
Event: 194.113 GC heap after
{Heap after GC invocations=58 (full 0):
 garbage-first heap   total 393216K, used 171388K [0x0000000080000000, 0x0000000100000000)
  region size 1024K, 6 young (6144K), 6 survivors (6144K)
 Metaspace       used 130387K, capacity 133836K, committed 134092K, reserved 1167360K
  class space    used 15899K, capacity 17104K, committed 17176K, reserved 1048576K
}
Event: 194.186 GC heap before
{Heap before GC invocations=58 (full 0):
 garbage-first heap   total 393216K, used 183676K [0x0000000080000000, 0x0000000100000000)
  region size 1024K, 19 young (19456K), 6 survivors (6144K)
 Metaspace       used 130387K, capacity 133836K, committed 134092K, reserved 1167360K
  class space    used 15899K, capacity 17104K, committed 17176K, reserved 1048576K
}
Event: 194.203 GC heap after
{Heap after GC invocations=59 (full 0):
 garbage-first heap   total 393216K, used 153046K [0x0000000080000000, 0x0000000100000000)
  region size 1024K, 1 young (1024K), 1 survivors (1024K)
 Metaspace       used 130387K, capacity 133836K, committed 134092K, reserved 1167360K
  class space    used 15899K, capacity 17104K, committed 17176K, reserved 1048576K
}
Event: 205.459 GC heap before
{Heap before GC invocations=59 (full 0):
 garbage-first heap   total 393216K, used 302550K [0x0000000080000000, 0x0000000100000000)
  region size 1024K, 146 young (149504K), 1 survivors (1024K)
 Metaspace       used 131790K, capacity 135285K, committed 135628K, reserved 1167360K
  class space    used 16086K, capacity 17338K, committed 17432K, reserved 1048576K
}
Event: 205.468 GC heap after
{Heap after GC invocations=60 (full 0):
 garbage-first heap   total 393216K, used 154035K [0x0000000080000000, 0x0000000100000000)
  region size 1024K, 2 young (2048K), 2 survivors (2048K)
 Metaspace       used 131790K, capacity 135285K, committed 135628K, reserved 1167360K
  class space    used 16086K, capacity 17338K, committed 17432K, reserved 1048576K
}

