# JRE version: OpenJDK Runtime Environment (11.0.12+7) (build 11.0.12+7-b1504.28-7817840)
# Java VM: OpenJDK 64-Bit Server VM (11.0.12+7-b1504.28-7817840, mixed mode, tiered, compressed oops, g1 gc, windows-amd64)
Heap:
 garbage-first heap   total 773120K, used 249050K [0x0000000080000000, 0x0000000100000000)
  region size 1024K, 8 young (8192K), 8 survivors (8192K)
 Metaspace       used 156811K, capacity 161758K, committed 162124K, reserved 1189888K
  class space    used 19181K, capacity 20984K, committed 21120K, reserved 1048576K
GC Heap History (20 events):
Event: 841.821 GC heap after
{Heap after GC invocations=149 (full 0):
 garbage-first heap   total 423936K, used 187256K [0x0000000080000000, 0x0000000100000000)
  region size 1024K, 1 young (1024K), 1 survivors (1024K)
 Metaspace       used 156704K, capacity 161739K, committed 162124K, reserved 1189888K
  class space    used 19180K, capacity 20983K, committed 21120K, reserved 1048576K
}
Event: 842.575 GC heap before
{Heap before GC invocations=149 (full 0):
 garbage-first heap   total 423936K, used 345976K [0x0000000080000000, 0x0000000100000000)
  region size 1024K, 156 young (159744K), 1 survivors (1024K)
 Metaspace       used 156707K, capacity 161740K, committed 162124K, reserved 1189888K
  class space    used 19180K, capacity 20983K, committed 21120K, reserved 1048576K
}
Event: 842.583 GC heap after
{Heap after GC invocations=150 (full 0):
 garbage-first heap   total 423936K, used 187817K [0x0000000080000000, 0x0000000100000000)
  region size 1024K, 2 young (2048K), 2 survivors (2048K)
 Metaspace       used 156707K, capacity 161740K, committed 162124K, reserved 1189888K
  class space    used 19180K, capacity 20983K, committed 21120K, reserved 1048576K
}
Event: 843.401 GC heap before
{Heap before GC invocations=151 (full 0):
 garbage-first heap   total 423936K, used 349609K [0x0000000080000000, 0x0000000100000000)
  region size 1024K, 160 young (163840K), 2 survivors (2048K)
 Metaspace       used 156709K, capacity 161740K, committed 162124K, reserved 1189888K
  class space    used 19181K, capacity 20983K, committed 21120K, reserved 1048576K
}
Event: 843.409 GC heap after
{Heap after GC invocations=152 (full 0):
 garbage-first heap   total 423936K, used 188925K [0x0000000080000000, 0x0000000100000000)
  region size 1024K, 3 young (3072K), 3 survivors (3072K)
 Metaspace       used 156709K, capacity 161740K, committed 162124K, reserved 1189888K
  class space    used 19181K, capacity 20983K, committed 21120K, reserved 1048576K
}
Event: 843.484 GC heap before
{Heap before GC invocations=152 (full 0):
 garbage-first heap   total 423936K, used 206333K [0x0000000080000000, 0x0000000100000000)
  region size 1024K, 20 young (20480K), 3 survivors (3072K)
 Metaspace       used 156709K, capacity 161740K, committed 162124K, reserved 1189888K
  class space    used 19181K, capacity 20983K, committed 21120K, reserved 1048576K
}
Event: 843.514 GC heap after
{Heap after GC invocations=153 (full 0):
 garbage-first heap   total 423936K, used 182933K [0x0000000080000000, 0x0000000100000000)
  region size 1024K, 2 young (2048K), 2 survivors (2048K)
 Metaspace       used 156709K, capacity 161740K, committed 162124K, reserved 1189888K
  class space    used 19181K, capacity 20983K, committed 21120K, reserved 1048576K
}
Event: 844.234 GC heap before
{Heap before GC invocations=153 (full 0):
 garbage-first heap   total 423936K, used 349845K [0x0000000080000000, 0x0000000100000000)
  region size 1024K, 165 young (168960K), 2 survivors (2048K)
 Metaspace       used 156712K, capacity 161740K, committed 162124K, reserved 1189888K
  class space    used 19181K, capacity 20983K, committed 21120K, reserved 1048576K
}
Event: 844.244 GC heap after
{Heap after GC invocations=154 (full 0):
 garbage-first heap   total 423936K, used 183625K [0x0000000080000000, 0x0000000100000000)
  region size 1024K, 2 young (2048K), 2 survivors (2048K)
 Metaspace       used 156712K, capacity 161740K, committed 162124K, reserved 1189888K
  class space    used 19181K, capacity 20983K, committed 21120K, reserved 1048576K
}
Event: 845.081 GC heap before
{Heap before GC invocations=155 (full 0):
 garbage-first heap   total 423936K, used 352585K [0x0000000080000000, 0x0000000100000000)
  region size 1024K, 168 young (172032K), 2 survivors (2048K)
 Metaspace       used 156719K, capacity 161740K, committed 162124K, reserved 1189888K
  class space    used 19181K, capacity 20983K, committed 21120K, reserved 1048576K
}
Event: 845.092 GC heap after
{Heap after GC invocations=156 (full 0):
 garbage-first heap   total 423936K, used 183394K [0x0000000080000000, 0x0000000100000000)
  region size 1024K, 3 young (3072K), 3 survivors (3072K)
 Metaspace       used 156719K, capacity 161740K, committed 162124K, reserved 1189888K
  class space    used 19181K, capacity 20983K, committed 21120K, reserved 1048576K
}
Event: 845.171 GC heap before
{Heap before GC invocations=156 (full 0):
 garbage-first heap   total 423936K, used 200802K [0x0000000080000000, 0x0000000100000000)
  region size 1024K, 20 young (20480K), 3 survivors (3072K)
 Metaspace       used 156719K, capacity 161740K, committed 162124K, reserved 1189888K
  class space    used 19181K, capacity 20983K, committed 21120K, reserved 1048576K
}
Event: 845.194 GC heap after
{Heap after GC invocations=157 (full 0):
 garbage-first heap   total 423936K, used 173931K [0x0000000080000000, 0x0000000100000000)
  region size 1024K, 2 young (2048K), 2 survivors (2048K)
 Metaspace       used 156719K, capacity 161740K, committed 162124K, reserved 1189888K
  class space    used 19181K, capacity 20983K, committed 21120K, reserved 1048576K
}
Event: 845.468 GC heap before
{Heap before GC invocations=157 (full 0):
 garbage-first heap   total 423936K, used 223083K [0x0000000080000000, 0x0000000100000000)
  region size 1024K, 51 young (52224K), 2 survivors (2048K)
 Metaspace       used 156720K, capacity 161740K, committed 162124K, reserved 1189888K
  class space    used 19181K, capacity 20983K, committed 21120K, reserved 1048576K
}
Event: 845.487 GC heap after
{Heap after GC invocations=158 (full 0):
 garbage-first heap   total 423936K, used 177712K [0x0000000080000000, 0x0000000100000000)
  region size 1024K, 5 young (5120K), 5 survivors (5120K)
 Metaspace       used 156720K, capacity 161740K, committed 162124K, reserved 1189888K
  class space    used 19181K, capacity 20983K, committed 21120K, reserved 1048576K
}
Event: 846.948 GC heap before
{Heap before GC invocations=159 (full 0):
 garbage-first heap   total 423936K, used 379440K [0x0000000080000000, 0x0000000100000000)
  region size 1024K, 176 young (180224K), 5 survivors (5120K)
 Metaspace       used 156762K, capacity 161746K, committed 162124K, reserved 1189888K
  class space    used 19181K, capacity 20984K, committed 21120K, reserved 1048576K
}
Event: 847.103 GC heap after
{Heap after GC invocations=160 (full 0):
 garbage-first heap   total 441344K, used 242688K [0x0000000080000000, 0x0000000100000000)
  region size 1024K, 22 young (22528K), 22 survivors (22528K)
 Metaspace       used 156762K, capacity 161746K, committed 162124K, reserved 1189888K
  class space    used 19181K, capacity 20984K, committed 21120K, reserved 1048576K
}
Event: 847.162 GC heap before
{Heap before GC invocations=160 (full 0):
 garbage-first heap   total 441344K, used 243712K [0x0000000080000000, 0x0000000100000000)
  region size 1024K, 23 young (23552K), 22 survivors (22528K)
 Metaspace       used 156762K, capacity 161746K, committed 162124K, reserved 1189888K
  class space    used 19181K, capacity 20984K, committed 21120K, reserved 1048576K
}
Event: 847.268 GC heap after
{Heap after GC invocations=161 (full 0):
 garbage-first heap   total 441344K, used 243200K [0x0000000080000000, 0x0000000100000000)
  region size 1024K, 2 young (2048K), 2 survivors (2048K)
 Metaspace       used 156762K, capacity 161746K, committed 162124K, reserved 1189888K
  class space    used 19181K, capacity 20984K, committed 21120K, reserved 1048576K
}
Event: 847.789 GC heap before
{Heap before GC invocations=161 (full 0):
 garbage-first heap   total 441344K, used 307712K [0x0000000080000000, 0x0000000100000000)
  region size 1024K, 67 young (68608K), 2 survivors (2048K)
 Metaspace       used 156811K, capacity 161758K, committed 162124K, reserved 1189888K
  class space    used 19181K, capacity 20984K, committed 21120K, reserved 1048576K
}

