# JRE version: OpenJDK Runtime Environment (11.0.12+7) (build 11.0.12+7-b1504.28-7817840)
# Java VM: OpenJDK 64-Bit Server VM (11.0.12+7-b1504.28-7817840, mixed mode, tiered, compressed oops, g1 gc, windows-amd64)
Heap:
 garbage-first heap   total 622592K, used 220744K [0x0000000080000000, 0x0000000100000000)
  region size 1024K, 1 young (1024K), 1 survivors (1024K)
 Metaspace       used 155576K, capacity 160164K, committed 160272K, reserved 1187840K
  class space    used 19889K, capacity 21550K, committed 21580K, reserved 1048576K
GC Heap History (20 events):
Event: 328.582 GC heap after
{Heap after GC invocations=95 (full 0):
 garbage-first heap   total 270336K, used 193688K [0x0000000080000000, 0x0000000100000000)
  region size 1024K, 6 young (6144K), 6 survivors (6144K)
 Metaspace       used 147425K, capacity 151687K, committed 151824K, reserved 1181696K
  class space    used 18742K, capacity 20230K, committed 20300K, reserved 1048576K
}
Event: 328.897 GC heap before
{Heap before GC invocations=95 (full 0):
 garbage-first heap   total 270336K, used 228504K [0x0000000080000000, 0x0000000100000000)
  region size 1024K, 40 young (40960K), 6 survivors (6144K)
 Metaspace       used 148197K, capacity 152465K, committed 152720K, reserved 1181696K
  class space    used 18815K, capacity 20335K, committed 20428K, reserved 1048576K
}
Event: 328.921 GC heap after
{Heap after GC invocations=96 (full 0):
 garbage-first heap   total 270336K, used 198656K [0x0000000080000000, 0x0000000100000000)
  region size 1024K, 5 young (5120K), 5 survivors (5120K)
 Metaspace       used 148197K, capacity 152465K, committed 152720K, reserved 1181696K
  class space    used 18815K, capacity 20335K, committed 20428K, reserved 1048576K
}
Event: 329.207 GC heap before
{Heap before GC invocations=96 (full 0):
 garbage-first heap   total 270336K, used 229376K [0x0000000080000000, 0x0000000100000000)
  region size 1024K, 35 young (35840K), 5 survivors (5120K)
 Metaspace       used 149143K, capacity 153449K, committed 153616K, reserved 1181696K
  class space    used 18957K, capacity 20469K, committed 20556K, reserved 1048576K
}
Event: 329.263 GC heap after
{Heap after GC invocations=97 (full 0):
 garbage-first heap   total 270336K, used 204776K [0x0000000080000000, 0x0000000100000000)
  region size 1024K, 5 young (5120K), 5 survivors (5120K)
 Metaspace       used 149143K, capacity 153449K, committed 153616K, reserved 1181696K
  class space    used 18957K, capacity 20469K, committed 20556K, reserved 1048576K
}
Event: 329.422 GC heap before
{Heap before GC invocations=97 (full 0):
 garbage-first heap   total 270336K, used 230376K [0x0000000080000000, 0x0000000100000000)
  region size 1024K, 30 young (30720K), 5 survivors (5120K)
 Metaspace       used 149428K, capacity 153741K, committed 153872K, reserved 1183744K
  class space    used 18990K, capacity 20501K, committed 20556K, reserved 1048576K
}
Event: 329.447 GC heap after
{Heap after GC invocations=98 (full 0):
 garbage-first heap   total 270336K, used 209920K [0x0000000080000000, 0x0000000100000000)
  region size 1024K, 4 young (4096K), 4 survivors (4096K)
 Metaspace       used 149428K, capacity 153741K, committed 153872K, reserved 1183744K
  class space    used 18990K, capacity 20501K, committed 20556K, reserved 1048576K
}
Event: 329.554 GC heap before
{Heap before GC invocations=98 (full 0):
 garbage-first heap   total 270336K, used 232448K [0x0000000080000000, 0x0000000100000000)
  region size 1024K, 26 young (26624K), 4 survivors (4096K)
 Metaspace       used 150097K, capacity 154437K, committed 154768K, reserved 1183744K
  class space    used 19075K, capacity 20605K, committed 20684K, reserved 1048576K
}
Event: 329.572 GC heap after
{Heap after GC invocations=99 (full 0):
 garbage-first heap   total 270336K, used 213927K [0x0000000080000000, 0x0000000100000000)
  region size 1024K, 4 young (4096K), 4 survivors (4096K)
 Metaspace       used 150097K, capacity 154437K, committed 154768K, reserved 1183744K
  class space    used 19075K, capacity 20605K, committed 20684K, reserved 1048576K
}
Event: 329.645 GC heap before
{Heap before GC invocations=99 (full 0):
 garbage-first heap   total 270336K, used 233383K [0x0000000080000000, 0x0000000100000000)
  region size 1024K, 23 young (23552K), 4 survivors (4096K)
 Metaspace       used 150803K, capacity 155280K, committed 155536K, reserved 1183744K
  class space    used 19201K, capacity 20826K, committed 20940K, reserved 1048576K
}
Event: 329.662 GC heap after
{Heap after GC invocations=100 (full 0):
 garbage-first heap   total 270336K, used 217088K [0x0000000080000000, 0x0000000100000000)
  region size 1024K, 3 young (3072K), 3 survivors (3072K)
 Metaspace       used 150803K, capacity 155280K, committed 155536K, reserved 1183744K
  class space    used 19201K, capacity 20826K, committed 20940K, reserved 1048576K
}
Event: 329.710 GC heap before
{Heap before GC invocations=100 (full 0):
 garbage-first heap   total 270336K, used 234496K [0x0000000080000000, 0x0000000100000000)
  region size 1024K, 20 young (20480K), 3 survivors (3072K)
 Metaspace       used 150812K, capacity 155283K, committed 155536K, reserved 1183744K
  class space    used 19201K, capacity 20826K, committed 20940K, reserved 1048576K
}
Event: 329.725 GC heap after
{Heap after GC invocations=101 (full 0):
 garbage-first heap   total 364544K, used 220717K [0x0000000080000000, 0x0000000100000000)
  region size 1024K, 3 young (3072K), 3 survivors (3072K)
 Metaspace       used 150812K, capacity 155283K, committed 155536K, reserved 1183744K
  class space    used 19201K, capacity 20826K, committed 20940K, reserved 1048576K
}
Event: 330.015 GC heap before
{Heap before GC invocations=101 (full 0):
 garbage-first heap   total 364544K, used 269869K [0x0000000080000000, 0x0000000100000000)
  region size 1024K, 51 young (52224K), 3 survivors (3072K)
 Metaspace       used 150864K, capacity 155311K, committed 155536K, reserved 1183744K
  class space    used 19209K, capacity 20834K, committed 20940K, reserved 1048576K
}
Event: 330.042 GC heap after
{Heap after GC invocations=102 (full 0):
 garbage-first heap   total 364544K, used 229021K [0x0000000080000000, 0x0000000100000000)
  region size 1024K, 7 young (7168K), 7 survivors (7168K)
 Metaspace       used 150864K, capacity 155311K, committed 155536K, reserved 1183744K
  class space    used 19209K, capacity 20834K, committed 20940K, reserved 1048576K
}
Event: 331.380 GC heap before
{Heap before GC invocations=103 (full 0):
 garbage-first heap   total 364544K, used 272029K [0x0000000080000000, 0x0000000100000000)
  region size 1024K, 55 young (56320K), 7 survivors (7168K)
 Metaspace       used 152715K, capacity 157140K, committed 157328K, reserved 1185792K
  class space    used 19525K, capacity 21133K, committed 21196K, reserved 1048576K
}
Event: 331.437 GC heap after
{Heap after GC invocations=104 (full 0):
 garbage-first heap   total 364544K, used 231611K [0x0000000080000000, 0x0000000100000000)
  region size 1024K, 7 young (7168K), 7 survivors (7168K)
 Metaspace       used 152715K, capacity 157140K, committed 157328K, reserved 1185792K
  class space    used 19525K, capacity 21133K, committed 21196K, reserved 1048576K
}
Event: 331.664 GC heap before
{Heap before GC invocations=104 (full 0):
 garbage-first heap   total 364544K, used 241851K [0x0000000080000000, 0x0000000100000000)
  region size 1024K, 17 young (17408K), 7 survivors (7168K)
 Metaspace       used 154118K, capacity 158654K, committed 158864K, reserved 1187840K
  class space    used 19770K, capacity 21403K, committed 21452K, reserved 1048576K
}
Event: 331.690 GC heap after
{Heap after GC invocations=105 (full 0):
 garbage-first heap   total 364544K, used 220795K [0x0000000080000000, 0x0000000100000000)
  region size 1024K, 1 young (1024K), 1 survivors (1024K)
 Metaspace       used 154118K, capacity 158654K, committed 158864K, reserved 1187840K
  class space    used 19770K, capacity 21403K, committed 21452K, reserved 1048576K
}
Event: 332.231 GC heap before
{Heap before GC invocations=105 (full 0):
 garbage-first heap   total 364544K, used 275067K [0x0000000080000000, 0x0000000100000000)
  region size 1024K, 54 young (55296K), 1 survivors (1024K)
 Metaspace       used 155576K, capacity 160164K, committed 160272K, reserved 1187840K
  class space    used 19889K, capacity 21550K, committed 21580K, reserved 1048576K
}

